[2026-02-11 10:12:24] === LOGGING INITIALIZED ===
[2026-02-11 10:12:24] === DOCUMENT SERVICE INITIALIZED ===
------------------------
[2026-02-11 10:12:24] Base URL: http://localhost
------------------------
[2026-02-11 10:12:24] Document Path: D:\projects\xeonai\backend\services/../storage/documents/
------------------------
[2026-02-11 10:12:24] === LOGGING INITIALIZED ===
[2026-02-11 10:12:24] === DOCUMENT SERVICE INITIALIZED ===
------------------------
[2026-02-11 10:12:24] Base URL: http://localhost
------------------------
[2026-02-11 10:12:24] Document Path: D:\projects\xeonai\backend\services/../storage/documents/
------------------------
[2026-02-11 10:12:24] === LOGGING INITIALIZED ===
[2026-02-11 10:12:24] === DOCUMENT SERVICE INITIALIZED ===
------------------------
[2026-02-11 10:12:24] Base URL: http://localhost
------------------------
[2026-02-11 10:12:24] Document Path: D:\projects\xeonai\backend\services/../storage/documents/
------------------------
[2026-02-11 10:12:24] PDF generated: dokumen_20260211_101224.pdf, 1 pages, 945 B
------------------------
[2026-02-11 10:12:24] PDF generated: dokumen_20260211_101224.pdf, 1 pages, 945 B
------------------------
